<?xml version="1.0" encoding="UTF-8"?>
<!-- Generated by org.testng.reporters.JUnitReportReporter -->
<testsuite hostname="DESKTOP-UQP0FL8" failures="0" tests="1" name="Runner.TestCase9" time="15.374" errors="0" timestamp="2022-05-16T21:23:34 IST" skipped="0">
  <testcase classname="Runner.TestCase9" name="Test9navigation" time="15.374"/>
  <system-out/>
</testsuite> <!-- Runner.TestCase9 -->
