<?xml version="1.0" encoding="UTF-8"?>
<!-- Generated by org.testng.reporters.JUnitReportReporter -->
<testsuite hostname="DESKTOP-UQP0FL8" failures="0" tests="1" name="Runner.TestCase8" time="8.753" errors="0" timestamp="2022-05-16T21:23:34 IST" skipped="0">
  <testcase classname="Runner.TestCase8" name="Test8navigation" time="8.753"/>
  <system-out/>
</testsuite> <!-- Runner.TestCase8 -->
