<?xml version="1.0" encoding="UTF-8"?>
<!-- Generated by org.testng.reporters.JUnitReportReporter -->
<testsuite hostname="DESKTOP-UQP0FL8" failures="0" tests="1" name="Runner.TestCase10" time="38.178" errors="0" timestamp="2022-05-17T21:26:13 IST" skipped="0">
  <testcase classname="Runner.TestCase10" name="Test10navigation" time="38.178"/>
  <system-out/>
</testsuite> <!-- Runner.TestCase10 -->
