<?xml version="1.0" encoding="UTF-8"?>
<!-- Generated by org.testng.reporters.JUnitReportReporter -->
<testsuite hostname="DESKTOP-UQP0FL8" failures="0" tests="1" name="Runner.TestCase6" time="12.305" errors="0" timestamp="2022-06-02T10:42:25 IST" skipped="0">
  <testcase classname="Runner.TestCase6" name="Test6navigation" time="12.305"/>
  <system-out/>
</testsuite> <!-- Runner.TestCase6 -->
