<?xml version="1.0" encoding="UTF-8"?>
<!-- Generated by org.testng.reporters.JUnitReportReporter -->
<testsuite hostname="DESKTOP-UQP0FL8" failures="0" tests="1" name="Runner.TestCase1" time="27.401" errors="0" timestamp="2022-05-17T23:34:24 IST" skipped="0">
  <testcase classname="Runner.TestCase1" name="Test1navigation" time="27.401"/>
  <system-out/>
</testsuite> <!-- Runner.TestCase1 -->
