<?xml version="1.0" encoding="UTF-8"?>
<!-- Generated by org.testng.reporters.JUnitReportReporter -->
<testsuite hostname="DESKTOP-UQP0FL8" failures="0" tests="1" name="Runner.TestCase9" time="8.061" errors="0" timestamp="2022-05-17T22:45:08 IST" skipped="0">
  <testcase classname="Runner.TestCase9" name="Test9navigation" time="8.061"/>
  <system-out/>
</testsuite> <!-- Runner.TestCase9 -->
