<?xml version="1.0" encoding="UTF-8"?>
<!-- Generated by org.testng.reporters.JUnitReportReporter -->
<testsuite hostname="DESKTOP-UQP0FL8" failures="0" tests="1" name="Runner.TestCase3" time="9.350" errors="0" timestamp="2022-06-02T10:42:25 IST" skipped="0">
  <testcase classname="Runner.TestCase3" name="Test3navigation" time="9.350"/>
  <system-out/>
</testsuite> <!-- Runner.TestCase3 -->
