<?xml version="1.0" encoding="UTF-8"?>
<!-- Generated by org.testng.reporters.JUnitReportReporter -->
<testsuite hostname="DESKTOP-UQP0FL8" failures="0" tests="1" name="Runner.TestCase6" time="13.261" errors="0" timestamp="2022-05-17T22:30:22 IST" skipped="0">
  <testcase classname="Runner.TestCase6" name="Test6navigation" time="13.261"/>
  <system-out/>
</testsuite> <!-- Runner.TestCase6 -->
