<?xml version="1.0" encoding="UTF-8"?>
<!-- Generated by org.testng.reporters.JUnitReportReporter -->
<testsuite hostname="DESKTOP-UQP0FL8" failures="0" tests="1" name="Runner.TestCase6" time="15.802" errors="0" timestamp="2022-05-16T21:23:34 IST" skipped="0">
  <testcase classname="Runner.TestCase6" name="Test6navigation" time="15.802"/>
  <system-out/>
</testsuite> <!-- Runner.TestCase6 -->
