<?xml version="1.0" encoding="UTF-8"?>
<!-- Generated by org.testng.reporters.JUnitReportReporter -->
<testsuite hostname="DESKTOP-UQP0FL8" failures="0" tests="1" name="Runner.TestCase3" time="8.977" errors="0" timestamp="2022-05-17T22:30:22 IST" skipped="0">
  <testcase classname="Runner.TestCase3" name="Test3navigation" time="8.977"/>
  <system-out/>
</testsuite> <!-- Runner.TestCase3 -->
