<?xml version="1.0" encoding="UTF-8"?>
<!-- Generated by org.testng.reporters.JUnitReportReporter -->
<testsuite hostname="DESKTOP-UQP0FL8" failures="0" tests="1" name="Runner.TestCase2" time="7.671" errors="0" timestamp="2022-05-16T21:23:34 IST" skipped="0">
  <testcase classname="Runner.TestCase2" name="Test2navigation" time="7.671"/>
  <system-out/>
</testsuite> <!-- Runner.TestCase2 -->
