<?xml version="1.0" encoding="UTF-8"?>
<!-- Generated by org.testng.reporters.JUnitReportReporter -->
<testsuite hostname="DESKTOP-UQP0FL8" failures="0" tests="1" name="Runner.TestCase4" time="11.212" errors="0" timestamp="2022-05-19T10:26:43 IST" skipped="0">
  <testcase classname="Runner.TestCase4" name="Test4navigation" time="11.212"/>
  <system-out/>
</testsuite> <!-- Runner.TestCase4 -->
