<?xml version="1.0" encoding="UTF-8"?>
<!-- Generated by org.testng.reporters.JUnitReportReporter -->
<testsuite hostname="DESKTOP-UQP0FL8" failures="0" tests="1" name="Runner.TestCase7" time="12.989" errors="0" timestamp="2022-05-19T10:26:43 IST" skipped="0">
  <testcase classname="Runner.TestCase7" name="Test7navigation" time="12.989"/>
  <system-out/>
</testsuite> <!-- Runner.TestCase7 -->
