<?xml version="1.0" encoding="UTF-8"?>
<!-- Generated by org.testng.reporters.JUnitReportReporter -->
<testsuite hostname="DESKTOP-UQP0FL8" failures="0" tests="1" name="Runner.TestCase8" time="7.702" errors="0" timestamp="2022-05-19T10:26:43 IST" skipped="0">
  <testcase classname="Runner.TestCase8" name="Test8navigation" time="7.702"/>
  <system-out/>
</testsuite> <!-- Runner.TestCase8 -->
