<?xml version="1.0" encoding="UTF-8"?>
<!-- Generated by org.testng.reporters.JUnitReportReporter -->
<testsuite hostname="DESKTOP-UQP0FL8" failures="0" tests="1" name="Runner.TestCase2" time="22.852" errors="0" timestamp="2022-06-02T10:42:25 IST" skipped="0">
  <testcase classname="Runner.TestCase2" name="Test2navigation" time="22.852"/>
  <system-out/>
</testsuite> <!-- Runner.TestCase2 -->
